  FrameManager.cpp
c:\users\osy96\source\iocpserver\gameserver\gameserver\stdafx.h(2): warning C4068: 알 수 없는 pragma입니다.
c:\users\osy96\source\iocpserver\gameserver\gameserver\playermanager.h(13): warning C4267: 'return': 'size_t'에서 'const short'(으)로 변환하면서 데이터가 손실될 수 있습니다.
c:\users\osy96\source\iocpserver\gameserver\gameserver\monstermanager.h(11): warning C4244: 'return': 'unsigned int'에서 'float'(으)로 변환하면서 데이터가 손실될 수 있습니다.
  GameObject.cpp
c:\users\osy96\source\iocpserver\gameserver\gameserver\stdafx.h(2): warning C4068: 알 수 없는 pragma입니다.
c:\users\osy96\source\iocpserver\gameserver\gameserver\playermanager.h(13): warning C4267: 'return': 'size_t'에서 'const short'(으)로 변환하면서 데이터가 손실될 수 있습니다.
c:\users\osy96\source\iocpserver\gameserver\gameserver\monstermanager.h(11): warning C4244: 'return': 'unsigned int'에서 'float'(으)로 변환하면서 데이터가 손실될 수 있습니다.
  GameObjectManager.cpp
c:\users\osy96\source\iocpserver\gameserver\gameserver\stdafx.h(2): warning C4068: 알 수 없는 pragma입니다.
c:\users\osy96\source\iocpserver\gameserver\gameserver\playermanager.h(13): warning C4267: 'return': 'size_t'에서 'const short'(으)로 변환하면서 데이터가 손실될 수 있습니다.
c:\users\osy96\source\iocpserver\gameserver\gameserver\monstermanager.h(11): warning C4244: 'return': 'unsigned int'에서 'float'(으)로 변환하면서 데이터가 손실될 수 있습니다.
  IOCP.cpp
c:\users\osy96\source\iocpserver\gameserver\gameserver\stdafx.h(2): warning C4068: 알 수 없는 pragma입니다.
c:\users\osy96\source\iocpserver\gameserver\gameserver\playermanager.h(13): warning C4267: 'return': 'size_t'에서 'const short'(으)로 변환하면서 데이터가 손실될 수 있습니다.
c:\users\osy96\source\iocpserver\gameserver\gameserver\monstermanager.h(11): warning C4244: 'return': 'unsigned int'에서 'float'(으)로 변환하면서 데이터가 손실될 수 있습니다.
c:\users\osy96\source\iocpserver\gameserver\gameserver\iocp.cpp(261): warning C4018: '<': signed 또는 unsigned가 일치하지 않습니다.
  MemoryStream.cpp
c:\users\osy96\source\iocpserver\gameserver\gameserver\stdafx.h(2): warning C4068: 알 수 없는 pragma입니다.
c:\users\osy96\source\iocpserver\gameserver\gameserver\playermanager.h(13): warning C4267: 'return': 'size_t'에서 'const short'(으)로 변환하면서 데이터가 손실될 수 있습니다.
c:\users\osy96\source\iocpserver\gameserver\gameserver\monstermanager.h(11): warning C4244: 'return': 'unsigned int'에서 'float'(으)로 변환하면서 데이터가 손실될 수 있습니다.
  Monster.cpp
c:\users\osy96\source\iocpserver\gameserver\gameserver\stdafx.h(2): warning C4068: 알 수 없는 pragma입니다.
c:\users\osy96\source\iocpserver\gameserver\gameserver\playermanager.h(13): warning C4267: 'return': 'size_t'에서 'const short'(으)로 변환하면서 데이터가 손실될 수 있습니다.
c:\users\osy96\source\iocpserver\gameserver\gameserver\monstermanager.h(11): warning C4244: 'return': 'unsigned int'에서 'float'(으)로 변환하면서 데이터가 손실될 수 있습니다.
  MonsterManager.cpp
c:\users\osy96\source\iocpserver\gameserver\gameserver\stdafx.h(2): warning C4068: 알 수 없는 pragma입니다.
c:\users\osy96\source\iocpserver\gameserver\gameserver\playermanager.h(13): warning C4267: 'return': 'size_t'에서 'const short'(으)로 변환하면서 데이터가 손실될 수 있습니다.
c:\users\osy96\source\iocpserver\gameserver\gameserver\monstermanager.h(11): warning C4244: 'return': 'unsigned int'에서 'float'(으)로 변환하면서 데이터가 손실될 수 있습니다.
c:\users\osy96\source\iocpserver\gameserver\gameserver\monstermanager.cpp(38): warning C4244: '초기화 중': 'float'에서 'short'(으)로 변환하면서 데이터가 손실될 수 있습니다.
  PacketProc.cpp
c:\users\osy96\source\iocpserver\gameserver\gameserver\stdafx.h(2): warning C4068: 알 수 없는 pragma입니다.
c:\users\osy96\source\iocpserver\gameserver\gameserver\playermanager.h(13): warning C4267: 'return': 'size_t'에서 'const short'(으)로 변환하면서 데이터가 손실될 수 있습니다.
c:\users\osy96\source\iocpserver\gameserver\gameserver\monstermanager.h(11): warning C4244: 'return': 'unsigned int'에서 'float'(으)로 변환하면서 데이터가 손실될 수 있습니다.
  Player.cpp
c:\users\osy96\source\iocpserver\gameserver\gameserver\stdafx.h(2): warning C4068: 알 수 없는 pragma입니다.
c:\users\osy96\source\iocpserver\gameserver\gameserver\playermanager.h(13): warning C4267: 'return': 'size_t'에서 'const short'(으)로 변환하면서 데이터가 손실될 수 있습니다.
c:\users\osy96\source\iocpserver\gameserver\gameserver\monstermanager.h(11): warning C4244: 'return': 'unsigned int'에서 'float'(으)로 변환하면서 데이터가 손실될 수 있습니다.
  PlayerManager.cpp
c:\users\osy96\source\iocpserver\gameserver\gameserver\stdafx.h(2): warning C4068: 알 수 없는 pragma입니다.
c:\users\osy96\source\iocpserver\gameserver\gameserver\playermanager.h(13): warning C4267: 'return': 'size_t'에서 'const short'(으)로 변환하면서 데이터가 손실될 수 있습니다.
c:\users\osy96\source\iocpserver\gameserver\gameserver\monstermanager.h(11): warning C4244: 'return': 'unsigned int'에서 'float'(으)로 변환하면서 데이터가 손실될 수 있습니다.
  ServerSession.cpp
c:\users\osy96\source\iocpserver\gameserver\gameserver\stdafx.h(2): warning C4068: 알 수 없는 pragma입니다.
c:\users\osy96\source\iocpserver\gameserver\gameserver\playermanager.h(13): warning C4267: 'return': 'size_t'에서 'const short'(으)로 변환하면서 데이터가 손실될 수 있습니다.
c:\users\osy96\source\iocpserver\gameserver\gameserver\monstermanager.h(11): warning C4244: 'return': 'unsigned int'에서 'float'(으)로 변환하면서 데이터가 손실될 수 있습니다.
  main.cpp
c:\users\osy96\source\iocpserver\gameserver\gameserver\stdafx.h(2): warning C4068: 알 수 없는 pragma입니다.
c:\users\osy96\source\iocpserver\gameserver\gameserver\playermanager.h(13): warning C4267: 'return': 'size_t'에서 'const short'(으)로 변환하면서 데이터가 손실될 수 있습니다.
c:\users\osy96\source\iocpserver\gameserver\gameserver\monstermanager.h(11): warning C4244: 'return': 'unsigned int'에서 'float'(으)로 변환하면서 데이터가 손실될 수 있습니다.
  코드를 생성하고 있습니다...
c:\users\osy96\source\iocpserver\gameserver\gameserver\iocp.cpp(110): warning C4715: 'IOCP::Initialize': 모든 제어 경로에서 값을 반환하지는 않습니다.
  GameServer.vcxproj -> C:\Users\osy96\source\IOCPServer\GameServer\Debug\GameServer.exe
